\BOOKMARK [1][-]{section.1}{Introduction}{}% 1
\BOOKMARK [1][-]{section.2}{About the System}{}% 2
\BOOKMARK [1][-]{section.3}{Competition}{}% 3
\BOOKMARK [2][-]{subsection.3.1}{mtg vault}{section.3}% 4
\BOOKMARK [2][-]{subsection.3.2}{What can be simulated}{section.3}% 5
\BOOKMARK [1][-]{section.4}{The Average User}{}% 6
\BOOKMARK [2][-]{subsection.4.1}{Background}{section.4}% 7
\BOOKMARK [2][-]{subsection.4.2}{System Use}{section.4}% 8
\BOOKMARK [2][-]{subsection.4.3}{Environment}{section.4}% 9
\BOOKMARK [2][-]{subsection.4.4}{Main Goals}{section.4}% 10
\BOOKMARK [1][-]{section.5}{Requirements}{}% 11
\BOOKMARK [2][-]{subsection.5.1}{Functional Requirements}{section.5}% 12
\BOOKMARK [2][-]{subsection.5.2}{Non-functional Requirements}{section.5}% 13
\BOOKMARK [1][-]{section.6}{User Stories}{}% 14
\BOOKMARK [1][-]{section.7}{Usability Goals}{}% 15
\BOOKMARK [1][-]{section.8}{Prototypes}{}% 16
\BOOKMARK [2][-]{subsection.8.1}{Wireframes}{section.8}% 17
\BOOKMARK [2][-]{subsection.8.2}{Graphic Design}{section.8}% 18
\BOOKMARK [1][-]{section.9}{Navigation Diagram}{}% 19
\BOOKMARK [1][-]{section.10}{The Database}{}% 20
\BOOKMARK [1][-]{section.11}{Description of Technical Environment}{}% 21
\BOOKMARK [1][-]{section.12}{Programming Rules}{}% 22
\BOOKMARK [2][-]{subsection.12.1}{html}{section.12}% 23
\BOOKMARK [2][-]{subsection.12.2}{CSS}{section.12}% 24
\BOOKMARK [2][-]{subsection.12.3}{C\043}{section.12}% 25
\BOOKMARK [2][-]{subsection.12.4}{JavaScript}{section.12}% 26
\BOOKMARK [1][-]{section.13}{The Production Process}{}% 27
\BOOKMARK [2][-]{subsection.13.1}{How the overall production fared}{section.13}% 28
\BOOKMARK [2][-]{subsection.13.2}{What went wrong and how it can be done better next time}{section.13}% 29
\BOOKMARK [1][-]{section.14}{Requirements Outcome}{}% 30
\BOOKMARK [2][-]{subsection.14.1}{What Requirements were met}{section.14}% 31
\BOOKMARK [2][-]{subsection.14.2}{What Requirements where not finished and why}{section.14}% 32
\BOOKMARK [1][-]{section.15}{Usability Goals Outcome}{}% 33
\BOOKMARK [1][-]{section.16}{Changes from Initial Analysis and Design}{}% 34
\BOOKMARK [2][-]{subsection.16.1}{Interface Design}{section.16}% 35
\BOOKMARK [2][-]{subsection.16.2}{The Navigation Diagram}{section.16}% 36
\BOOKMARK [1][-]{section.17}{What was Learned}{}% 37
\BOOKMARK [1][-]{section.18}{Conclusion}{}% 38
\BOOKMARK [1][-]{section.19}{References}{}% 39
